<?xml version="1.0" encoding="UTF-8"?>
<!-- Generated by org.testng.reporters.JUnitReportReporter -->
<testsuite hostname="GIRI" failures="0" tests="1" name="reqres.CREDOperation.CreateUserTest" time="4.426" errors="0" timestamp="2023-03-25T09:16:18 IST" skipped="0">
  <testcase classname="reqres.CREDOperation.CreateUserTest" name="createUserTest" time="4.426"/>
  <system-out/>
</testsuite> <!-- reqres.CREDOperation.CreateUserTest -->
