<?xml version="1.0" encoding="UTF-8"?>
<!-- Generated by org.testng.reporters.JUnitReportReporter -->
<testsuite hostname="GIRI" failures="0" tests="1" name="reqres.WaysToPostRequest.CreateUserTestUsingJSONObject" time="4.098" errors="0" timestamp="2023-03-27T09:40:44 IST" skipped="0">
  <testcase classname="reqres.WaysToPostRequest.CreateUserTestUsingJSONObject" name="createUserTest" time="4.098"/>
  <system-out/>
</testsuite> <!-- reqres.WaysToPostRequest.CreateUserTestUsingJSONObject -->
