<?xml version="1.0" encoding="UTF-8"?>
<!-- Generated by org.testng.reporters.JUnitReportReporter -->
<testsuite hostname="GIRI" failures="0" tests="1" name="reqres.CREDOperationBDD.CreateUserTest" time="4.601" errors="0" timestamp="2023-03-25T10:24:47 IST" skipped="0">
  <testcase classname="reqres.CREDOperationBDD.CreateUserTest" name="createUserTest" time="4.601"/>
  <system-out/>
</testsuite> <!-- reqres.CREDOperationBDD.CreateUserTest -->
