<?xml version="1.0" encoding="UTF-8"?>
<!-- Generated by org.testng.reporters.JUnitReportReporter -->
<testsuite hostname="GIRI" failures="0" tests="1" name="reqres.CREDOperation.UpdateUserTest" time="3.912" errors="0" timestamp="2023-03-25T09:53:35 IST" skipped="0">
  <testcase classname="reqres.CREDOperation.UpdateUserTest" name="updateUserTest" time="3.912"/>
  <system-out/>
</testsuite> <!-- reqres.CREDOperation.UpdateUserTest -->
