<?xml version="1.0" encoding="UTF-8"?>
<!-- Generated by org.testng.reporters.JUnitReportReporter -->
<testsuite hostname="GIRI" failures="0" tests="1" name="reqres.SerializationDeserialization.DeserializationTest" time="0.374" errors="0" timestamp="2023-03-29T09:20:06 IST" skipped="0">
  <testcase classname="reqres.SerializationDeserialization.DeserializationTest" name="deserialization" time="0.374"/>
  <system-out/>
</testsuite> <!-- reqres.SerializationDeserialization.DeserializationTest -->
