<?xml version="1.0" encoding="UTF-8"?>
<!-- Generated by org.testng.reporters.JUnitReportReporter -->
<testsuite hostname="GIRI" failures="0" tests="1" name="reqres.CREDOperation.DeleteUserTest" time="3.434" errors="0" timestamp="2023-03-25T10:06:10 IST" skipped="0">
  <testcase classname="reqres.CREDOperation.DeleteUserTest" name="updateUserTest" time="3.434"/>
  <system-out/>
</testsuite> <!-- reqres.CREDOperation.DeleteUserTest -->
