<?xml version="1.0" encoding="UTF-8"?>
<!-- Generated by org.testng.reporters.JUnitReportReporter -->
<testsuite hostname="GIRI" failures="0" tests="1" name="reqres.CREDOperation.GetSingleUserTest" time="3.234" errors="0" timestamp="2023-03-25T09:43:26 IST" skipped="0">
  <testcase classname="reqres.CREDOperation.GetSingleUserTest" name="getAllUsersTest" time="3.234"/>
  <system-out/>
</testsuite> <!-- reqres.CREDOperation.GetSingleUserTest -->
