<?xml version="1.0" encoding="UTF-8"?>
<!-- Generated by org.testng.reporters.JUnitReportReporter -->
<testsuite hostname="GIRI" failures="0" tests="1" name="reqres.CREDOperationBDD.RequestChainingGETAndDELETE" time="5.044" errors="0" timestamp="2023-03-28T10:03:29 IST" skipped="0">
  <testcase classname="reqres.CREDOperationBDD.RequestChainingGETAndDELETE" name="getAndDeleteUser" time="5.044"/>
  <system-out/>
</testsuite> <!-- reqres.CREDOperationBDD.RequestChainingGETAndDELETE -->
