<?xml version="1.0" encoding="UTF-8"?>
<!-- Generated by org.testng.reporters.JUnitReportReporter -->
<testsuite hostname="GIRI" failures="0" tests="1" name="reqres.WaysToPostRequest.CreateUserTestUsingHashMap" time="4.290" errors="0" timestamp="2023-03-27T09:39:51 IST" skipped="0">
  <testcase classname="reqres.WaysToPostRequest.CreateUserTestUsingHashMap" name="createUserTest" time="4.290"/>
  <system-out/>
</testsuite> <!-- reqres.WaysToPostRequest.CreateUserTestUsingHashMap -->
