<?xml version="1.0" encoding="UTF-8"?>
<!-- Generated by org.testng.reporters.JUnitReportReporter -->
<testsuite hostname="GIRI" failures="0" tests="1" name="reqres.responseValidation.ResponseHeaderValidation" time="4.348" errors="0" timestamp="2023-03-28T09:07:27 IST" skipped="0">
  <testcase classname="reqres.responseValidation.ResponseHeaderValidation" name="headerValidation" time="4.348"/>
  <system-out/>
</testsuite> <!-- reqres.responseValidation.ResponseHeaderValidation -->
