<?xml version="1.0" encoding="UTF-8"?>
<!-- Generated by org.testng.reporters.JUnitReportReporter -->
<testsuite hostname="GIRI" failures="0" tests="1" name="reqres.responseValidation.ResponseBodyValidation" time="4.332" errors="0" timestamp="2023-03-28T09:25:48 IST" skipped="0">
  <testcase classname="reqres.responseValidation.ResponseBodyValidation" name="getAllUsers" time="4.332"/>
  <system-out/>
</testsuite> <!-- reqres.responseValidation.ResponseBodyValidation -->
