<?xml version="1.0" encoding="UTF-8"?>
<!-- Generated by org.testng.reporters.JUnitReportReporter -->
<testsuite hostname="GIRI" failures="0" tests="1" name="reqres.WaysToPostRequest.CreateUserTestUsingJSONFile" time="3.828" errors="0" timestamp="2023-03-27T09:57:39 IST" skipped="0">
  <testcase classname="reqres.WaysToPostRequest.CreateUserTestUsingJSONFile" name="createUserTest" time="3.828"/>
  <system-out/>
</testsuite> <!-- reqres.WaysToPostRequest.CreateUserTestUsingJSONFile -->
